Started at Wed Mar 02 04:00:17 UTC 2022
Processing c-project1
Offering c-project1 to Project Build Discarder
Processing Java-project1
Offering Java-project1 to Project Build Discarder
Processing java_project
Offering java_project to Project Build Discarder
Processing sss
Offering sss to Project Build Discarder
Finished at Wed Mar 02 04:00:17 UTC 2022. 6ms
Started at Wed Mar 02 05:00:17 UTC 2022
Processing c-project1
Offering c-project1 to Project Build Discarder
Processing Java-project1
Offering Java-project1 to Project Build Discarder
Processing java_project
Offering java_project to Project Build Discarder
Processing sss
Offering sss to Project Build Discarder
Finished at Wed Mar 02 05:00:17 UTC 2022. 6ms
Started at Wed Mar 02 06:00:17 UTC 2022
Processing c-project1
Offering c-project1 to Project Build Discarder
Processing Java-project1
Offering Java-project1 to Project Build Discarder
Processing java_project
Offering java_project to Project Build Discarder
Processing sss
Offering sss to Project Build Discarder
Finished at Wed Mar 02 06:00:17 UTC 2022. 0ms
Started at Wed Mar 02 07:00:17 UTC 2022
Processing c-project1
Offering c-project1 to Project Build Discarder
Processing Java-project1
Offering Java-project1 to Project Build Discarder
Processing java_project
Offering java_project to Project Build Discarder
Processing sss
Offering sss to Project Build Discarder
Finished at Wed Mar 02 07:00:17 UTC 2022. 0ms
Started at Wed Mar 02 08:00:17 UTC 2022
Processing c-project1
Offering c-project1 to Project Build Discarder
Processing Java-project1
Offering Java-project1 to Project Build Discarder
Processing java_project
Offering java_project to Project Build Discarder
Processing sss
Offering sss to Project Build Discarder
Finished at Wed Mar 02 08:00:17 UTC 2022. 5ms
Started at Wed Mar 02 09:00:17 UTC 2022
Processing c-project1
Offering c-project1 to Project Build Discarder
Processing Java-project1
Offering Java-project1 to Project Build Discarder
Processing java_project
Offering java_project to Project Build Discarder
Processing sss
Offering sss to Project Build Discarder
Finished at Wed Mar 02 09:00:17 UTC 2022. 0ms
Started at Wed Mar 02 10:00:17 UTC 2022
Processing c-project1
Offering c-project1 to Project Build Discarder
Processing Java-project1
Offering Java-project1 to Project Build Discarder
Processing java_project
Offering java_project to Project Build Discarder
Processing sss
Offering sss to Project Build Discarder
Finished at Wed Mar 02 10:00:17 UTC 2022. 1ms
